\BOOKMARK [0][-]{chapter.1}{OCA Days - 2020}{}% 1
\BOOKMARK [0][-]{chapter.2}{Luis Felipe Mil\351o}{}% 2
\BOOKMARK [0][-]{chapter.3}{Agenda}{}% 3
\BOOKMARK [0][-]{chapter.4}{Intro: Odoo + Odoo Community}{}% 4
\BOOKMARK [1][-]{section.4.1}{The Odoo}{chapter.4}% 5
\BOOKMARK [1][-]{section.4.2}{The Odoo Community Association}{chapter.4}% 6
\BOOKMARK [1][-]{section.4.3}{Odoo + OCA:}{chapter.4}% 7
\BOOKMARK [0][-]{chapter.5}{Docker environment}{}% 8
\BOOKMARK [1][-]{section.5.1}{Docker environment}{chapter.5}% 9
\BOOKMARK [1][-]{section.5.2}{Before start}{chapter.5}% 10
\BOOKMARK [1][-]{section.5.3}{Setup Odoo Environment}{chapter.5}% 11
\BOOKMARK [1][-]{section.5.4}{Running Odoo}{chapter.5}% 12
\BOOKMARK [1][-]{section.5.5}{Adding OCA projects / modules}{chapter.5}% 13
\BOOKMARK [0][-]{chapter.6}{Coding our first module}{}% 14
\BOOKMARK [1][-]{section.6.1}{Coding our first module}{chapter.6}% 15
\BOOKMARK [1][-]{section.6.2}{Adding fields to our model}{chapter.6}% 16
\BOOKMARK [1][-]{section.6.3}{Add a Kanban / Workflow}{chapter.6}% 17
\BOOKMARK [1][-]{section.6.4}{Add Email features}{chapter.6}% 18
\BOOKMARK [1][-]{section.6.5}{Sending SMS}{chapter.6}% 19
\BOOKMARK [1][-]{section.6.6}{Creating a module to be sent to OCA}{chapter.6}% 20
\BOOKMARK [1][-]{section.6.7}{Integrate Customer Service with SMS}{chapter.6}% 21
\BOOKMARK [1][-]{section.6.8}{Seding your module to the OCA}{chapter.6}% 22
\BOOKMARK [1][-]{section.6.9}{Review}{chapter.6}% 23
\BOOKMARK [0][-]{chapter.7}{Questions and answers}{}% 24
\BOOKMARK [1][-]{section.7.1}{Thank you to the OCA Sponsors}{chapter.7}% 25
